<?xml version="1.0" encoding="UTF-8"?>
<testng-results ignored="0" total="2" passed="2" failed="0" skipped="0">
  <reporter-output>
  </reporter-output>
  <suite started-at="2020-10-08T10:11:15 PET" name="Surefire suite" finished-at="2020-10-08T10:11:16 PET" duration-ms="169">
    <groups>
    </groups>
    <test started-at="2020-10-08T10:11:15 PET" name="Surefire test" finished-at="2020-10-08T10:11:16 PET" duration-ms="169">
      <class name="cs.pc.RegistrarAppTest">
        <test-method signature="testCase0()[pri:0, instance:cs.pc.RegistrarAppTest@71b6d77f]" started-at="2020-10-08T10:11:15 PET" name="testCase0" finished-at="2020-10-08T10:11:16 PET" duration-ms="43" status="PASS">
          <reporter-output>
          </reporter-output>
        </test-method> <!-- testCase0 -->
        <test-method signature="testCase1()[pri:0, instance:cs.pc.RegistrarAppTest@71b6d77f]" started-at="2020-10-08T10:11:16 PET" name="testCase1" finished-at="2020-10-08T10:11:16 PET" duration-ms="38" status="PASS">
          <reporter-output>
          </reporter-output>
        </test-method> <!-- testCase1 -->
      </class> <!-- cs.pc.RegistrarAppTest -->
    </test> <!-- Surefire test -->
  </suite> <!-- Surefire suite -->
</testng-results>
