<?xml version="1.0" encoding="UTF-8"?>
<testsuite xmlns:xsi="http://www.w3.org/2001/XMLSchema-instance" xsi:noNamespaceSchemaLocation="https://maven.apache.org/surefire/maven-surefire-plugin/xsd/surefire-test-report.xsd" name="cs.pc.RegistrarAppTest" time="1.273" tests="2" errors="0" skipped="0" failures="0">
  <properties>
[...]
</properties>
  <testcase name="testCase0" classname="cs.pc.RegistrarAppTest" time="0.046"/>
  <testcase name="testCase1" classname="cs.pc.RegistrarAppTest" time="0.039"/>
</testsuite>